<?xml version="1.0" encoding="UTF-8"?>
<!-- Generated by org.testng.reporters.JUnitReportReporter -->
<testsuite hostname="Shyam-HP4021" failures="0" tests="1" name="testcases.DropDownNotCommingUnderSelect" time="16.298" errors="0" timestamp="2022-08-07T14:58:29 IST" skipped="0">
  <testcase classname="testcases.DropDownNotCommingUnderSelect" name="dropDown" time="16.298"/>
  <system-out/>
</testsuite> <!-- testcases.DropDownNotCommingUnderSelect -->
