<?xml version="1.0" encoding="UTF-8"?>
<!-- Generated by org.testng.reporters.JUnitReportReporter -->
<testsuite hostname="Shyam-HP4021" failures="0" tests="1" name="testcases.NavigationCommand" time="20.039" errors="0" timestamp="2022-08-03T17:07:44 IST" skipped="0">
  <testcase classname="testcases.NavigationCommand" name="nav" time="20.039"/>
  <system-out/>
</testsuite> <!-- testcases.NavigationCommand -->
