<?xml version="1.0" encoding="UTF-8"?>
<!-- Generated by org.testng.reporters.JUnitReportReporter -->
<testsuite hostname="Shyam-HP4021" failures="0" tests="1" name="testcases.HandlingMultipleWindows" time="7.921" errors="0" timestamp="2022-08-07T13:43:41 IST" skipped="0">
  <testcase classname="testcases.HandlingMultipleWindows" name="handlingMultiWindow" time="7.921"/>
  <system-out/>
</testsuite> <!-- testcases.HandlingMultipleWindows -->
