<?xml version="1.0" encoding="UTF-8"?>
<!-- Generated by org.testng.reporters.JUnitReportReporter -->
<testsuite hostname="Shyam-HP4021" failures="0" tests="1" name="testcases.HowToHandleAlerts" time="8.367" errors="0" timestamp="2022-08-03T13:41:17 IST" skipped="0">
  <testcase classname="testcases.HowToHandleAlerts" name="handleAlert" time="8.367"/>
  <system-out/>
</testsuite> <!-- testcases.HowToHandleAlerts -->
