<?xml version="1.0" encoding="UTF-8"?>
<!-- Generated by org.testng.reporters.JUnitReportReporter -->
<testsuite hostname="Shyam-HP4021" failures="0" tests="1" name="testcases.HomePageTestCases" time="0.455" errors="0" timestamp="2022-08-03T13:08:09 IST" skipped="0">
  <testcase classname="testcases.HomePageTestCases" name="verifyFormFieldSeletion" time="0.455"/>
  <system-out/>
</testsuite> <!-- testcases.HomePageTestCases -->
