<?xml version="1.0" encoding="UTF-8"?>
<!-- Generated by org.testng.reporters.JUnitReportReporter -->
<testsuite hostname="Shyam-HP4021" failures="0" tests="1" name="testcases.HandlingMultipleElements" time="4.236" errors="0" timestamp="2022-08-03T14:10:47 IST" skipped="0">
  <testcase classname="testcases.HandlingMultipleElements" name="handlingMultiEle" time="4.236"/>
  <system-out/>
</testsuite> <!-- testcases.HandlingMultipleElements -->
